<?xml version="1.0" encoding="UTF-8"?>
<testsuite name="main.RecursiveCountDownTest" tests="2" skipped="0" failures="0" errors="0" timestamp="2024-11-08T17:48:27" hostname="DESKTOP-HRH8VKH" time="0.031">
  <properties/>
  <testcase name="countDown0_recursiveCountDown_returnsExpected()" classname="main.RecursiveCountDownTest" time="0.03"/>
  <testcase name="countDown12_recursiveCountDown_returnsExpected()" classname="main.RecursiveCountDownTest" time="0.001"/>
  <system-out><![CDATA[]]></system-out>
  <system-err><![CDATA[]]></system-err>
</testsuite>
